<?xml version="1.0" encoding="UTF-8" ?>
<testsuite errors="0" failures="0" hostname="NTB1" name="cvut.fit.dpo.pr2.ArithmeticExpressionCreatorTest" tests="6" time="0.08" timestamp="2012-11-12T15:57:02">
  <properties>
[...]
</properties>
  <testcase classname="cvut.fit.dpo.pr2.ArithmeticExpressionCreatorTest" name="testCreateExpression1" time="0.007" />
  <testcase classname="cvut.fit.dpo.pr2.ArithmeticExpressionCreatorTest" name="testCreateExpression2" time="0.0" />
  <testcase classname="cvut.fit.dpo.pr2.ArithmeticExpressionCreatorTest" name="testCreateExpressionFromRPN1" time="0.009" />
  <testcase classname="cvut.fit.dpo.pr2.ArithmeticExpressionCreatorTest" name="testCreateExpressionFromRPN2" time="0.002" />
  <testcase classname="cvut.fit.dpo.pr2.ArithmeticExpressionCreatorTest" name="testCreateExpressionFromRPN3" time="0.002" />
  <testcase classname="cvut.fit.dpo.pr2.ArithmeticExpressionCreatorTest" name="testCreateExpressionFromRPN4" time="0.001" />
  <system-out><![CDATA[]]></system-out>
  <system-err><![CDATA[]]></system-err>
</testsuite>
