<?xml version="1.0" encoding="UTF-8" ?>
<testsuite errors="0" failures="0" hostname="NTB1" name="cvut.fit.dpo.arithmetic.AddOperatorTest" tests="2" time="0.066" timestamp="2012-10-30T11:20:07">
  <properties>
[...]
</properties>
  <testcase classname="cvut.fit.dpo.arithmetic.AddOperatorTest" name="testGetFirstOperand" time="0.003" />
  <testcase classname="cvut.fit.dpo.arithmetic.AddOperatorTest" name="testGetSecondOperand" time="0.0" />
  <system-out><![CDATA[]]></system-out>
  <system-err><![CDATA[]]></system-err>
</testsuite>
